{"/Users/vulebaolong/Dragon/Work/Tech_node/folow_class/node_45/ExpressJS/be_cyber_media/src/common/prisma/init.prisma.js": {"path":"/Users/vulebaolong/Dragon/Work/Tech_node/folow_class/node_45/ExpressJS/be_cyber_media/src/common/prisma/init.prisma.js","statementMap":{"0":{"start":{"line":3,"column":15},"end":{"line":9,"column":2}}},"fnMap":{},"branchMap":{},"s":{"0":1},"f":{},"b":{},"_coverageSchema":"1a1c01bbd47fc00a2c39e90264f33305004495a9","hash":"c60fe811f75ab63c3cc6cfd0ba113d4f9bcde743"}
,"/Users/vulebaolong/Dragon/Work/Tech_node/folow_class/node_45/ExpressJS/be_cyber_media/src/services/auth.service.js": {"path":"/Users/vulebaolong/Dragon/Work/Tech_node/folow_class/node_45/ExpressJS/be_cyber_media/src/services/auth.service.js","statementMap":{"0":{"start":{"line":8,"column":20},"end":{"line":155,"column":1}},"1":{"start":{"line":11,"column":46},"end":{"line":11,"column":54}},"2":{"start":{"line":12,"column":6},"end":{"line":12,"column":51}},"3":{"start":{"line":18,"column":25},"end":{"line":22,"column":8}},"4":{"start":{"line":23,"column":6},"end":{"line":23,"column":88}},"5":{"start":{"line":23,"column":22},"end":{"line":23,"column":88}},"6":{"start":{"line":24,"column":6},"end":{"line":24,"column":34}},"7":{"start":{"line":27,"column":27},"end":{"line":27,"column":57}},"8":{"start":{"line":30,"column":22},"end":{"line":36,"column":8}},"9":{"start":{"line":40,"column":6},"end":{"line":40,"column":21}},"10":{"start":{"line":44,"column":35},"end":{"line":44,"column":43}},"11":{"start":{"line":45,"column":6},"end":{"line":45,"column":40}},"12":{"start":{"line":50,"column":25},"end":{"line":58,"column":8}},"13":{"start":{"line":59,"column":6},"end":{"line":59,"column":90}},"14":{"start":{"line":59,"column":23},"end":{"line":59,"column":90}},"15":{"start":{"line":63,"column":6},"end":{"line":63,"column":34}},"16":{"start":{"line":64,"column":23},"end":{"line":64,"column":43}},"17":{"start":{"line":65,"column":25},"end":{"line":65,"column":64}},"18":{"start":{"line":66,"column":6},"end":{"line":66,"column":77}},"19":{"start":{"line":66,"column":23},"end":{"line":66,"column":77}},"20":{"start":{"line":69,"column":21},"end":{"line":69,"column":58}},"21":{"start":{"line":71,"column":6},"end":{"line":71,"column":20}},"22":{"start":{"line":79,"column":43},"end":{"line":79,"column":51}},"23":{"start":{"line":80,"column":6},"end":{"line":80,"column":48}},"24":{"start":{"line":82,"column":25},"end":{"line":92,"column":8}},"25":{"start":{"line":94,"column":6},"end":{"line":123,"column":7}},"26":{"start":{"line":104,"column":9},"end":{"line":112,"column":12}},"27":{"start":{"line":115,"column":9},"end":{"line":122,"column":12}},"28":{"start":{"line":125,"column":21},"end":{"line":125,"column":58}},"29":{"start":{"line":127,"column":6},"end":{"line":127,"column":20}},"30":{"start":{"line":130,"column":6},"end":{"line":132,"column":9}},"31":{"start":{"line":133,"column":27},"end":{"line":133,"column":68}},"32":{"start":{"line":134,"column":26},"end":{"line":134,"column":55}},"33":{"start":{"line":136,"column":6},"end":{"line":136,"column":49}},"34":{"start":{"line":137,"column":6},"end":{"line":137,"column":55}},"35":{"start":{"line":137,"column":25},"end":{"line":137,"column":55}},"36":{"start":{"line":138,"column":6},"end":{"line":138,"column":54}},"37":{"start":{"line":138,"column":24},"end":{"line":138,"column":54}},"38":{"start":{"line":140,"column":33},"end":{"line":140,"column":79}},"39":{"start":{"line":141,"column":32},"end":{"line":141,"column":104}},"40":{"start":{"line":143,"column":6},"end":{"line":143,"column":98}},"41":{"start":{"line":143,"column":68},"end":{"line":143,"column":98}},"42":{"start":{"line":145,"column":19},"end":{"line":149,"column":8}},"43":{"start":{"line":151,"column":21},"end":{"line":151,"column":52}},"44":{"start":{"line":153,"column":6},"end":{"line":153,"column":20}}},"fnMap":{"0":{"name":"(anonymous_0)","decl":{"start":{"line":9,"column":13},"end":{"line":9,"column":14}},"loc":{"start":{"line":9,"column":28},"end":{"line":41,"column":4}},"line":9},"1":{"name":"(anonymous_1)","decl":{"start":{"line":42,"column":10},"end":{"line":42,"column":11}},"loc":{"start":{"line":42,"column":25},"end":{"line":72,"column":4}},"line":42},"2":{"name":"(anonymous_2)","decl":{"start":{"line":78,"column":18},"end":{"line":78,"column":19}},"loc":{"start":{"line":78,"column":33},"end":{"line":128,"column":4}},"line":78},"3":{"name":"(anonymous_3)","decl":{"start":{"line":129,"column":17},"end":{"line":129,"column":18}},"loc":{"start":{"line":129,"column":32},"end":{"line":154,"column":4}},"line":129}},"branchMap":{"0":{"loc":{"start":{"line":23,"column":6},"end":{"line":23,"column":88}},"type":"if","locations":[{"start":{"line":23,"column":6},"end":{"line":23,"column":88}},{"start":{},"end":{}}],"line":23},"1":{"loc":{"start":{"line":59,"column":6},"end":{"line":59,"column":90}},"type":"if","locations":[{"start":{"line":59,"column":6},"end":{"line":59,"column":90}},{"start":{},"end":{}}],"line":59},"2":{"loc":{"start":{"line":66,"column":6},"end":{"line":66,"column":77}},"type":"if","locations":[{"start":{"line":66,"column":6},"end":{"line":66,"column":77}},{"start":{},"end":{}}],"line":66},"3":{"loc":{"start":{"line":94,"column":6},"end":{"line":123,"column":7}},"type":"if","locations":[{"start":{"line":94,"column":6},"end":{"line":123,"column":7}},{"start":{"line":113,"column":13},"end":{"line":123,"column":7}}],"line":94},"4":{"loc":{"start":{"line":109,"column":26},"end":{"line":109,"column":65}},"type":"cond-expr","locations":[{"start":{"line":109,"column":49},"end":{"line":109,"column":58}},{"start":{"line":109,"column":61},"end":{"line":109,"column":65}}],"line":109},"5":{"loc":{"start":{"line":110,"column":23},"end":{"line":110,"column":71}},"type":"cond-expr","locations":[{"start":{"line":110,"column":43},"end":{"line":110,"column":52}},{"start":{"line":110,"column":55},"end":{"line":110,"column":71}}],"line":110},"6":{"loc":{"start":{"line":137,"column":6},"end":{"line":137,"column":55}},"type":"if","locations":[{"start":{"line":137,"column":6},"end":{"line":137,"column":55}},{"start":{},"end":{}}],"line":137},"7":{"loc":{"start":{"line":138,"column":6},"end":{"line":138,"column":54}},"type":"if","locations":[{"start":{"line":138,"column":6},"end":{"line":138,"column":54}},{"start":{},"end":{}}],"line":138},"8":{"loc":{"start":{"line":143,"column":6},"end":{"line":143,"column":98}},"type":"if","locations":[{"start":{"line":143,"column":6},"end":{"line":143,"column":98}},{"start":{},"end":{}}],"line":143}},"s":{"0":1,"1":1,"2":1,"3":1,"4":1,"5":0,"6":1,"7":1,"8":1,"9":1,"10":0,"11":0,"12":0,"13":0,"14":0,"15":0,"16":0,"17":0,"18":0,"19":0,"20":0,"21":0,"22":0,"23":0,"24":0,"25":0,"26":0,"27":0,"28":0,"29":0,"30":0,"31":0,"32":0,"33":0,"34":0,"35":0,"36":0,"37":0,"38":0,"39":0,"40":0,"41":0,"42":0,"43":0,"44":0},"f":{"0":1,"1":0,"2":0,"3":0},"b":{"0":[0,1],"1":[0,0],"2":[0,0],"3":[0,0],"4":[0,0],"5":[0,0],"6":[0,0],"7":[0,0],"8":[0,0]},"_coverageSchema":"1a1c01bbd47fc00a2c39e90264f33305004495a9","hash":"445ae225d8b1bf60ff00211e7c943668cb80cc64"}
}
