TN:
SF:src/common/prisma/init.prisma.js
FNF:0
FNH:0
DA:3,1
LF:1
LH:1
BRF:0
BRH:0
end_of_record
TN:
SF:src/services/auth.service.js
FN:9,(anonymous_0)
FN:42,(anonymous_1)
FN:78,(anonymous_2)
FN:129,(anonymous_3)
FNF:4
FNH:1
FNDA:1,(anonymous_0)
FNDA:0,(anonymous_1)
FNDA:0,(anonymous_2)
FNDA:0,(anonymous_3)
DA:8,1
DA:11,1
DA:12,1
DA:18,1
DA:23,1
DA:24,1
DA:27,1
DA:30,1
DA:40,1
DA:44,0
DA:45,0
DA:50,0
DA:59,0
DA:63,0
DA:64,0
DA:65,0
DA:66,0
DA:69,0
DA:71,0
DA:79,0
DA:80,0
DA:82,0
DA:94,0
DA:104,0
DA:115,0
DA:125,0
DA:127,0
DA:130,0
DA:133,0
DA:134,0
DA:136,0
DA:137,0
DA:138,0
DA:140,0
DA:141,0
DA:143,0
DA:145,0
DA:151,0
DA:153,0
LF:39
LH:9
BRDA:23,0,0,0
BRDA:23,0,1,1
BRDA:59,1,0,0
BRDA:59,1,1,0
BRDA:66,2,0,0
BRDA:66,2,1,0
BRDA:94,3,0,0
BRDA:94,3,1,0
BRDA:109,4,0,0
BRDA:109,4,1,0
BRDA:110,5,0,0
BRDA:110,5,1,0
BRDA:137,6,0,0
BRDA:137,6,1,0
BRDA:138,7,0,0
BRDA:138,7,1,0
BRDA:143,8,0,0
BRDA:143,8,1,0
BRF:18
BRH:1
end_of_record
